Build started 21/04/2015 01:42:33.
     1>Project "C:\Users\Podginato\Documents\GitHub\Q-Learning-Spelunky\DLL Solution\QLearning\SpelunkBot\SpelunkBot.vcxproj" on node 2 (Build target(s)).
     1>C:\Program Files (x86)\MSBuild\Microsoft.Cpp\v4.0\V120\Microsoft.CppBuild.targets(357,5): warning MSB8004: Output Directory does not end with a trailing slash.  This build instance will add the slash as it is required to allow proper evaluation of the Output Directory.
     1>C:\Program Files (x86)\MSBuild\Microsoft.Cpp\v4.0\V120\Microsoft.CppBuild.targets(381,5): warning MSB8028: The intermediate directory (Debug\) contains files shared from another project (SpelunkBot.vcxproj).  This can lead to incorrect clean and rebuild behavior.
     1>ClCompile:
         C:\Program Files (x86)\Microsoft Visual Studio 12.0\VC\bin\CL.exe /c /ZI /nologo /W3 /WX- /Od /Oy- /D WIN32 /D _DEBUG /D _WINDOWS /D _USRDLL /D SPELUNKBOT_EXPORTS /D _WINDLL /D _UNICODE /D UNICODE /Gm /EHsc /RTC1 /MDd /GS /fp:precise /Zc:wchar_t /Zc:forScope /Yu"stdafx.h" /Fp"Debug\QLearning.pch" /Fo"Debug\\" /Fd"Debug\vc120.pdb" /Gd /TP /analyze- /errorReport:prompt Bot.cpp
         Bot.cpp
     1>c:\users\podginato\documents\github\q-learning-spelunky\dll solution\qlearning\spelunkbot\bot.h(7): warning C4067: unexpected tokens following preprocessor directive - expected a newline
     1>c:\users\podginato\documents\github\q-learning-spelunky\dll solution\qlearning\spelunkbot\environment.h(3): warning C4067: unexpected tokens following preprocessor directive - expected a newline
     1>c:\users\podginato\documents\github\q-learning-spelunky\dll solution\qlearning\spelunkbot\spelunkerstate.h(3): warning C4067: unexpected tokens following preprocessor directive - expected a newline
     1>c:\users\podginato\documents\github\q-learning-spelunky\dll solution\qlearning\spelunkbot\spelunkerstate.h(34): warning C4244: 'initializing' : conversion from 'double' to 'float', possible loss of data
     1>c:\users\podginato\documents\github\q-learning-spelunky\dll solution\qlearning\spelunkbot\spelunkerstate.h(60): warning C4244: 'initializing' : conversion from 'double' to 'int', possible loss of data
     1>c:\users\podginato\documents\github\q-learning-spelunky\dll solution\qlearning\spelunkbot\spelunkerstate.h(61): warning C4244: 'initializing' : conversion from 'double' to 'int', possible loss of data
     1>c:\users\podginato\documents\github\q-learning-spelunky\dll solution\qlearning\spelunkbot\spelunkerstate.h(68): warning C4800: 'double' : forcing value to bool 'true' or 'false' (performance warning)
     1>c:\users\podginato\documents\github\q-learning-spelunky\dll solution\qlearning\spelunkbot\spelunkerstate.h(80): warning C4244: 'initializing' : conversion from 'double' to 'int', possible loss of data
     1>c:\users\podginato\documents\github\q-learning-spelunky\dll solution\qlearning\spelunkbot\spelunkerstate.h(81): warning C4244: 'initializing' : conversion from 'double' to 'int', possible loss of data
     1>c:\users\podginato\documents\github\q-learning-spelunky\dll solution\qlearning\spelunkbot\spelunkerstate.h(82): warning C4800: 'double' : forcing value to bool 'true' or 'false' (performance warning)
     1>c:\users\podginato\documents\github\q-learning-spelunky\dll solution\qlearning\spelunkbot\bot.h(8): warning C4067: unexpected tokens following preprocessor directive - expected a newline
     1>c:\users\podginato\documents\github\q-learning-spelunky\dll solution\qlearning\spelunkbot\bot.h(9): warning C4067: unexpected tokens following preprocessor directive - expected a newline
     1>c:\users\podginato\documents\github\q-learning-spelunky\dll solution\qlearning\spelunkbot\actions.h(2): warning C4067: unexpected tokens following preprocessor directive - expected a newline
     1>c:\users\podginato\documents\github\q-learning-spelunky\dll solution\qlearning\spelunkbot\actions.h(4): warning C4067: unexpected tokens following preprocessor directive - expected a newline
     1>c:\users\podginato\documents\github\q-learning-spelunky\dll solution\qlearning\spelunkbot\actionqlearning.h(5): warning C4067: unexpected tokens following preprocessor directive - expected a newline
     1>c:\users\podginato\documents\github\q-learning-spelunky\dll solution\qlearning\spelunkbot\bot.cpp(49): warning C4244: '=' : conversion from 'double' to 'int', possible loss of data
     1>c:\users\podginato\documents\github\q-learning-spelunky\dll solution\qlearning\spelunkbot\bot.cpp(62): warning C4244: '=' : conversion from 'unsigned __int64' to 'unsigned long', possible loss of data
     1>c:\program files (x86)\microsoft visual studio 12.0\vc\include\utility(144): warning C4800: 'int' : forcing value to bool 'true' or 'false' (performance warning)
                 c:\users\podginato\documents\github\q-learning-spelunky\dll solution\qlearning\spelunkbot\spelunkerstate.h(224) : see reference to function template instantiation 'std::pair<const _Kty,_Ty>::pair<const char(&)[5],int,void>(_Other1,_Other2 &&)' being compiled
                 with
                 [
                     _Kty=std::string
         ,            _Ty=bool
         ,            _Other1=const char (&)[5]
         ,            _Other2=int
                 ]
                 c:\users\podginato\documents\github\q-learning-spelunky\dll solution\qlearning\spelunkbot\spelunkerstate.h(224) : see reference to function template instantiation 'std::pair<const _Kty,_Ty>::pair<const char(&)[5],int,void>(_Other1,_Other2 &&)' being compiled
                 with
                 [
                     _Kty=std::string
         ,            _Ty=bool
         ,            _Other1=const char (&)[5]
         ,            _Other2=int
                 ]
       Link:
         C:\Program Files (x86)\Microsoft Visual Studio 12.0\VC\bin\link.exe /ERRORREPORT:PROMPT /OUT:"..\..\..\Source\spelunky_1_1\QLearning.dll" /INCREMENTAL /NOLOGO kernel32.lib user32.lib gdi32.lib winspool.lib comdlg32.lib advapi32.lib shell32.lib ole32.lib oleaut32.lib uuid.lib odbc32.lib odbccp32.lib /MANIFEST /MANIFESTUAC:"level='asInvoker' uiAccess='false'" /manifest:embed /DEBUG /PDB:"..\..\..\Source\spelunky_1_1\QLearning.pdb" /SUBSYSTEM:WINDOWS /TLBID:1 /DYNAMICBASE /NXCOMPAT /IMPLIB:"..\..\..\Source\spelunky_1_1\QLearning.lib" /MACHINE:X86 /DLL Debug\ActionQLearning.obj
         Debug\Actions.obj
         Debug\dllmain.obj
         Debug\Bot.obj
         Debug\LearningParamaters.obj
         Debug\stdafx.obj
         SpelunkBot.vcxproj -> C:\Users\Podginato\Documents\GitHub\Q-Learning-Spelunky\DLL Solution\QLearning\SpelunkBot\..\..\..\Source\spelunky_1_1\QLearning.dll
     1>Done Building Project "C:\Users\Podginato\Documents\GitHub\Q-Learning-Spelunky\DLL Solution\QLearning\SpelunkBot\SpelunkBot.vcxproj" (Build target(s)).

Build succeeded.

Time Elapsed 00:00:02.07
